# JRE version: Java(TM) SE Runtime Environment (8.0_131-b11) (build 1.8.0_131-b11)
# Java VM: Java HotSpot(TM) Client VM (25.131-b11 mixed mode windows-x86 )
Heap:
 def new generation   total 34624K, used 16425K [0x04600000, 0x06b90000, 0x09b50000)
  eden space 30784K,  53% used [0x04600000, 0x0560a700, 0x06410000)
  from space 3840K,   0% used [0x06410000, 0x06410000, 0x067d0000)
  to   space 3840K,   0% used [0x067d0000, 0x067d0000, 0x06b90000)
 tenured generation   total 76816K, used 46089K [0x09b50000, 0x0e654000, 0x14600000)
   the space 76816K,  59% used [0x09b50000, 0x0c852600, 0x0c852600, 0x0e654000)
 Metaspace       used 6776K, capacity 6962K, committed 7040K, reserved 7552K
GC Heap History (10 events):
Event: 1.955 GC heap before
{Heap before GC invocations=69 (full 36):
 def new generation   total 29248K, used 13766K [0x04600000, 0x065b0000, 0x09b50000)
  eden space 26048K,  52% used [0x04600000, 0x05371ad0, 0x05f70000)
  from space 3200K,   0% used [0x05f70000, 0x05f70000, 0x06290000)
  to   space 3200K,   0% used [0x06290000, 0x06290000, 0x065b0000)
 tenured generation   total 64796K, used 33480K [0x09b50000, 0x0da97000, 0x14600000)
   the space 64796K,  51% used [0x09b50000, 0x0bc02120, 0x0bc02200, 0x0da97000)
 Metaspace       used 6384K, capacity 6571K, committed 6656K, reserved 7552K
Event: 1.961 GC heap after
Heap after GC invocations=70 (full 37):
 def new generation   total 29248K, used 0K [0x04600000, 0x065b0000, 0x09b50000)
  eden space 26048K,   0% used [0x04600000, 0x04600000, 0x05f70000)
  from space 3200K,   0% used [0x05f70000, 0x05f70000, 0x06290000)
  to   space 3200K,   0% used [0x06290000, 0x06290000, 0x065b0000)
 tenured generation   total 64796K, used 38641K [0x09b50000, 0x0da97000, 0x14600000)
   the space 64796K,  59% used [0x09b50000, 0x0c10c450, 0x0c10c600, 0x0da97000)
 Metaspace       used 6384K, capacity 6571K, committed 6656K, reserved 7552K
}
Event: 1.965 GC heap before
{Heap before GC invocations=70 (full 37):
 def new generation   total 29248K, used 3522K [0x04600000, 0x065b0000, 0x09b50000)
  eden space 26048K,  13% used [0x04600000, 0x04970870, 0x05f70000)
  from space 3200K,   0% used [0x05f70000, 0x05f70000, 0x06290000)
  to   space 3200K,   0% used [0x06290000, 0x06290000, 0x065b0000)
 tenured generation   total 64796K, used 38641K [0x09b50000, 0x0da97000, 0x14600000)
   the space 64796K,  59% used [0x09b50000, 0x0c10c450, 0x0c10c600, 0x0da97000)
 Metaspace       used 6384K, capacity 6571K, committed 6656K, reserved 7552K
Event: 1.966 GC heap after
Heap after GC invocations=71 (full 37):
 def new generation   total 29248K, used 3174K [0x04600000, 0x065b0000, 0x09b50000)
  eden space 26048K,   0% used [0x04600000, 0x04600000, 0x05f70000)
  from space 3200K,  99% used [0x06290000, 0x065a9bb0, 0x065b0000)
  to   space 3200K,   0% used [0x05f70000, 0x05f70000, 0x06290000)
 tenured generation   total 64796K, used 38852K [0x09b50000, 0x0da97000, 0x14600000)
   the space 64796K,  59% used [0x09b50000, 0x0c141170, 0x0c141200, 0x0da97000)
 Metaspace       used 6384K, capacity 6571K, committed 6656K, reserved 7552K
}
Event: 1.972 GC heap before
{Heap before GC invocations=71 (full 37):
 def new generation   total 29248K, used 7709K [0x04600000, 0x065b0000, 0x09b50000)
  eden space 26048K,  17% used [0x04600000, 0x04a6d938, 0x05f70000)
  from space 3200K,  99% used [0x06290000, 0x065a9bb0, 0x065b0000)
  to   space 3200K,   0% used [0x05f70000, 0x05f70000, 0x06290000)
 tenured generation   total 64796K, used 38852K [0x09b50000, 0x0da97000, 0x14600000)
   the space 64796K,  59% used [0x09b50000, 0x0c141170, 0x0c141200, 0x0da97000)
 Metaspace       used 6384K, capacity 6571K, committed 6656K, reserved 7552K
Event: 1.973 GC heap after
Heap after GC invocations=72 (full 37):
 def new generation   total 29248K, used 2127K [0x04600000, 0x065b0000, 0x09b50000)
  eden space 26048K,   0% used [0x04600000, 0x04600000, 0x05f70000)
  from space 3200K,  66% used [0x05f70000, 0x06183d60, 0x06290000)
  to   space 3200K,   0% used [0x06290000, 0x06290000, 0x065b0000)
 tenured generation   total 64796K, used 41920K [0x09b50000, 0x0da97000, 0x14600000)
   the space 64796K,  64% used [0x09b50000, 0x0c440138, 0x0c440200, 0x0da97000)
 Metaspace       used 6384K, capacity 6571K, committed 6656K, reserved 7552K
}
Event: 1.998 GC heap before
{Heap before GC invocations=72 (full 37):
 def new generation   total 29248K, used 12539K [0x04600000, 0x065b0000, 0x09b50000)
  eden space 26048K,  39% used [0x04600000, 0x0502b200, 0x05f70000)
  from space 3200K,  66% used [0x05f70000, 0x06183d60, 0x06290000)
  to   space 3200K,   0% used [0x06290000, 0x06290000, 0x065b0000)
 tenured generation   total 64796K, used 41920K [0x09b50000, 0x0da97000, 0x14600000)
   the space 64796K,  64% used [0x09b50000, 0x0c440138, 0x0c440200, 0x0da97000)
 Metaspace       used 6384K, capacity 6571K, committed 6656K, reserved 7552K
Event: 2.005 GC heap after
Heap after GC invocations=73 (full 38):
 def new generation   total 32064K, used 0K [0x04600000, 0x068c0000, 0x09b50000)
  eden space 28544K,   0% used [0x04600000, 0x04600000, 0x061e0000)
  from space 3520K,   0% used [0x061e0000, 0x061e0000, 0x06550000)
  to   space 3520K,   0% used [0x06550000, 0x06550000, 0x068c0000)
 tenured generation   total 71104K, used 42662K [0x09b50000, 0x0e0c0000, 0x14600000)
   the space 71104K,  59% used [0x09b50000, 0x0c4f9830, 0x0c4f9a00, 0x0e0c0000)
 Metaspace       used 6384K, capacity 6571K, committed 6656K, reserved 7552K
}
Event: 2.021 GC heap before
{Heap before GC invocations=73 (full 38):
 def new generation   total 32064K, used 9757K [0x04600000, 0x068c0000, 0x09b50000)
  eden space 28544K,  34% used [0x04600000, 0x04f87508, 0x061e0000)
  from space 3520K,   0% used [0x061e0000, 0x061e0000, 0x06550000)
  to   space 3520K,   0% used [0x06550000, 0x06550000, 0x068c0000)
 tenured generation   total 71104K, used 42662K [0x09b50000, 0x0e0c0000, 0x14600000)
   the space 71104K,  59% used [0x09b50000, 0x0c4f9830, 0x0c4f9a00, 0x0e0c0000)
 Metaspace       used 6384K, capacity 6571K, committed 6656K, reserved 7552K
Event: 2.027 GC heap after
Heap after GC invocations=74 (full 39):
 def new generation   total 34624K, used 0K [0x04600000, 0x06b90000, 0x09b50000)
  eden space 30784K,   0% used [0x04600000, 0x04600000, 0x06410000)
  from space 3840K,   0% used [0x06410000, 0x06410000, 0x067d0000)
  to   space 3840K,   0% used [0x067d0000, 0x067d0000, 0x06b90000)
 tenured generation   total 76816K, used 46089K [0x09b50000, 0x0e654000, 0x14600000)
   the space 76816K,  59% used [0x09b50000, 0x0c852600, 0x0c852600, 0x0e654000)
 Metaspace       used 6384K, capacity 6571K, committed 6656K, reserved 7552K
}

